2025-05-08 14:00:12.679 -0400 [debug] ([34mconfigs.js[0m) [31mloaded default configs as "{"updates":{"manifest_url":"https://cdn.freshdev.io/assets/fdk/updates.json","period":24},"log":{"level":"info"},"javascript":{"ecma_version":2020},"request":{"timeout":15000},"global_apps":{"enabled":false},"easel":{"enabled":false}}"[0m
2025-05-08 14:00:12.680 -0400 [debug] ([34mconfigs.js[0m) [31mloaded global configs as "{"request":{"timeout":15000}}"[0m
2025-05-08 14:00:12.681 -0400 [debug] ([34mfile.js[0m) [31mError while requiring /Users/dave/repo/RiskAssetment-module/.fdk/configs.json: Cannot find module '/Users/dave/repo/RiskAssetment-module/.fdk/configs.json'
Require stack:
- /opt/homebrew/Cellar/fdk/64/custom_node_location/lib/node_modules/fdk/lib/utils/file.js
- /opt/homebrew/Cellar/fdk/64/custom_node_location/lib/node_modules/fdk/lib/configs.js
- /opt/homebrew/Cellar/fdk/64/custom_node_location/lib/node_modules/fdk/lib/logger.js
- /opt/homebrew/Cellar/fdk/64/custom_node_location/lib/node_modules/fdk/index.js[0m
2025-05-08 14:00:12.682 -0400 [debug] ([34mfile.js[0m) [31mError while requiring /Users/dave/repo/RiskAssetment-module/.fdk/configs.json: Cannot find module '/Users/dave/repo/RiskAssetment-module/.fdk/configs.json'
Require stack:
- /opt/homebrew/Cellar/fdk/64/custom_node_location/lib/node_modules/fdk/lib/utils/file.js
- /opt/homebrew/Cellar/fdk/64/custom_node_location/lib/node_modules/fdk/lib/configs.js
- /opt/homebrew/Cellar/fdk/64/custom_node_location/lib/node_modules/fdk/lib/logger.js
- /opt/homebrew/Cellar/fdk/64/custom_node_location/lib/node_modules/fdk/index.js[0m
2025-05-08 14:00:12.682 -0400 [debug] ([34mconfigs.js[0m) [31mloaded local configs as "{}"[0m
2025-05-08 14:00:12.683 -0400 [debug] ([34mconfigs.js[0m) [31mloaded env configs as "{"updates":{},"log":{},"javascript":{},"request":{"timeout":15000}}"[0m
2025-05-08 14:00:12.683 -0400 [debug] ([34mconfigs.js[0m) [31mloaded resolved configs as "{"updates":{"manifest_url":"https://cdn.freshdev.io/assets/fdk/updates.json","period":24},"log":{"level":"info"},"javascript":{"ecma_version":2020},"request":{"timeout":15000},"global_apps":{"enabled":false},"easel":{"enabled":false}}"[0m
2025-05-08 14:00:12.683 -0400 [debug] ([34mlogger.js[0m) [31mStarting FDK in node v18.18.2 on darwin[0m
2025-05-08 14:00:12.684 -0400 [debug] ([34msequelize.js[0m) [31msetting up sqilite at "/Users/dave/repo/RiskAssetment-module/.fdk/store.sqlite"[0m
2025-05-08 14:00:12.686 -0400 [debug] ([34mdata.js[0m) [31mRead {"version_details":{"cli":{"deprecated":{"version":"<9","message":"This FDK version has been deprecated. There will be no further feature updates to this version. For a seamless app-building experience, ensure to move to the latest FDK version. For more information, see https://developers.freshworks.com/docs/app-sdk/v2.3/freshdesk/migration-guide/#migrate-to-the-latest-platform-version."},"forced":{"version":"7.0.0","command":"npm install https://dl.freshdev.io/cli/fdk-7.0.0.tgz -g","message":"Your FDK version has been forced updated to v7.0.0, please visit https://community.developers.freshworks.com/t/fdk-v7-0-announcing-node-js-v12-and-es6-support/3606 to know more"},"latest":{"version":"9.4.0","command":"npm install https://cdn.freshdev.io/fdk/latest.tgz -g","message":"You are on the latest FDK version. For information on the features available as part of this FDK version, see https://developers.freshworks.com/docs/?tab=modules."}},"addon":{"version":"2.1.0","url":"https://cdn.freshdev.io/assets/fdk/addons/addon.zip"}},"last_updated":{"time_stamp":1746716776887}}[0m
2025-05-08 14:00:12.687 -0400 [debug] ([34mupdater.js[0m) [31mlast check less than 24 hours ago, not looking for updates[0m
2025-05-08 14:00:12.692 -0400 [debug] ([34mindex.js[0m) [31mrunning with opts {}[0m
2025-05-08 14:00:12.698 -0400 [debug] ([34mdata.js[0m) [31mRead {"version_details":{"cli":{"deprecated":{"version":"<9","message":"This FDK version has been deprecated. There will be no further feature updates to this version. For a seamless app-building experience, ensure to move to the latest FDK version. For more information, see https://developers.freshworks.com/docs/app-sdk/v2.3/freshdesk/migration-guide/#migrate-to-the-latest-platform-version."},"forced":{"version":"7.0.0","command":"npm install https://dl.freshdev.io/cli/fdk-7.0.0.tgz -g","message":"Your FDK version has been forced updated to v7.0.0, please visit https://community.developers.freshworks.com/t/fdk-v7-0-announcing-node-js-v12-and-es6-support/3606 to know more"},"latest":{"version":"9.4.0","command":"npm install https://cdn.freshdev.io/fdk/latest.tgz -g","message":"You are on the latest FDK version. For information on the features available as part of this FDK version, see https://developers.freshworks.com/docs/?tab=modules."}},"addon":{"version":"2.1.0","url":"https://cdn.freshdev.io/assets/fdk/addons/addon.zip"}},"last_updated":{"time_stamp":1746716776887}}[0m
2025-05-08 14:00:12.702 -0400 [debug] ([34mcreate.js[0m) [31m'init' called with /Users/dave/repo/RiskAssetment-module, undefined, undefined[0m
2025-05-08 16:00:31.396 -0400 [debug] ([34mcreate.js[0m) [31mInitializing template "your_first_app" for "freshservice".[0m
2025-05-08 16:00:31.412 -0400 [info] A new Freshservice app was successfully created from template "your_first_app" with the following files.

2025-05-08 16:29:15.661 -0400 [debug] ([34mconfigs.js[0m) [31mloaded default configs as "{"updates":{"manifest_url":"https://cdn.freshdev.io/assets/fdk/updates.json","period":24},"log":{"level":"info"},"javascript":{"ecma_version":2020},"request":{"timeout":15000},"global_apps":{"enabled":false},"easel":{"enabled":false}}"[0m
2025-05-08 16:29:15.664 -0400 [debug] ([34mconfigs.js[0m) [31mloaded global configs as "{"request":{"timeout":15000}}"[0m
2025-05-08 16:29:15.664 -0400 [debug] ([34mconfigs.js[0m) [31mloaded local configs as "{"request":{"timeout":15000}}"[0m
2025-05-08 16:29:15.665 -0400 [debug] ([34mconfigs.js[0m) [31mloaded env configs as "{"updates":{},"log":{},"javascript":{},"request":{"timeout":15000}}"[0m
2025-05-08 16:29:15.665 -0400 [debug] ([34mconfigs.js[0m) [31mloaded resolved configs as "{"updates":{"manifest_url":"https://cdn.freshdev.io/assets/fdk/updates.json","period":24},"log":{"level":"info"},"javascript":{"ecma_version":2020},"request":{"timeout":15000},"global_apps":{"enabled":false},"easel":{"enabled":false}}"[0m
2025-05-08 16:29:15.666 -0400 [debug] ([34mlogger.js[0m) [31mStarting FDK in node v18.18.2 on darwin[0m
2025-05-08 16:29:15.666 -0400 [debug] ([34msequelize.js[0m) [31msetting up sqilite at "/Users/dave/repo/RiskAssetment-module/.fdk/store.sqlite"[0m
2025-05-08 16:29:15.666 -0400 [debug] ([34mdata.js[0m) [31mRead {"version_details":{"cli":{"deprecated":{"version":"<9","message":"This FDK version has been deprecated. There will be no further feature updates to this version. For a seamless app-building experience, ensure to move to the latest FDK version. For more information, see https://developers.freshworks.com/docs/app-sdk/v2.3/freshdesk/migration-guide/#migrate-to-the-latest-platform-version."},"forced":{"version":"7.0.0","command":"npm install https://dl.freshdev.io/cli/fdk-7.0.0.tgz -g","message":"Your FDK version has been forced updated to v7.0.0, please visit https://community.developers.freshworks.com/t/fdk-v7-0-announcing-node-js-v12-and-es6-support/3606 to know more"},"latest":{"version":"9.4.0","command":"npm install https://cdn.freshdev.io/fdk/latest.tgz -g","message":"You are on the latest FDK version. For information on the features available as part of this FDK version, see https://developers.freshworks.com/docs/?tab=modules."}},"addon":{"version":"2.1.0","url":"https://cdn.freshdev.io/assets/fdk/addons/addon.zip"}},"last_updated":{"time_stamp":1746716776887}}[0m
2025-05-08 16:29:15.667 -0400 [debug] ([34mupdater.js[0m) [31mlast check less than 24 hours ago, not looking for updates[0m
2025-05-08 16:29:15.673 -0400 [debug] ([34mindex.js[0m) [31mrunning with opts {}[0m
2025-05-08 16:29:15.728 -0400 [debug] ([34mdata.js[0m) [31mRead {"version_details":{"cli":{"deprecated":{"version":"<9","message":"This FDK version has been deprecated. There will be no further feature updates to this version. For a seamless app-building experience, ensure to move to the latest FDK version. For more information, see https://developers.freshworks.com/docs/app-sdk/v2.3/freshdesk/migration-guide/#migrate-to-the-latest-platform-version."},"forced":{"version":"7.0.0","command":"npm install https://dl.freshdev.io/cli/fdk-7.0.0.tgz -g","message":"Your FDK version has been forced updated to v7.0.0, please visit https://community.developers.freshworks.com/t/fdk-v7-0-announcing-node-js-v12-and-es6-support/3606 to know more"},"latest":{"version":"9.4.0","command":"npm install https://cdn.freshdev.io/fdk/latest.tgz -g","message":"You are on the latest FDK version. For information on the features available as part of this FDK version, see https://developers.freshworks.com/docs/?tab=modules."}},"addon":{"version":"2.1.0","url":"https://cdn.freshdev.io/assets/fdk/addons/addon.zip"}},"last_updated":{"time_stamp":1746716776887}}[0m
2025-05-08 16:29:15.731 -0400 [debug] ([34mmanifest.js[0m) [31mReloading manifest with {"platform-version":"2.3","product":{"freshservice":{"location":{"ticket_sidebar":{"url":"index.html","icon":"styles/images/icon.svg"}}}},"engines":{"node":"18.18.2","fdk":"9.3.0"}}.[0m
2025-05-08 16:29:15.733 -0400 [debug] ([34mmanifest.js[0m) [31mInferred db as features.[0m
2025-05-08 16:29:15.734 -0400 [debug] ([34mdata.js[0m) [31mRead {"version_details":{"cli":{"deprecated":{"version":"<9","message":"This FDK version has been deprecated. There will be no further feature updates to this version. For a seamless app-building experience, ensure to move to the latest FDK version. For more information, see https://developers.freshworks.com/docs/app-sdk/v2.3/freshdesk/migration-guide/#migrate-to-the-latest-platform-version."},"forced":{"version":"7.0.0","command":"npm install https://dl.freshdev.io/cli/fdk-7.0.0.tgz -g","message":"Your FDK version has been forced updated to v7.0.0, please visit https://community.developers.freshworks.com/t/fdk-v7-0-announcing-node-js-v12-and-es6-support/3606 to know more"},"latest":{"version":"9.4.0","command":"npm install https://cdn.freshdev.io/fdk/latest.tgz -g","message":"You are on the latest FDK version. For information on the features available as part of this FDK version, see https://developers.freshworks.com/docs/?tab=modules."}},"addon":{"version":"2.1.0","url":"https://cdn.freshdev.io/assets/fdk/addons/addon.zip"}},"last_updated":{"time_stamp":1746716776887}}[0m
2025-05-08 16:29:15.858 -0400 [debug] ([34mfile.js[0m) [31mError while requiring /Users/dave/repo/RiskAssetment-module/.report.json: Cannot find module '/Users/dave/repo/RiskAssetment-module/.report.json'
Require stack:
- /opt/homebrew/Cellar/fdk/64/custom_node_location/lib/node_modules/fdk/lib/utils/file.js
- /opt/homebrew/Cellar/fdk/64/custom_node_location/lib/node_modules/fdk/lib/configs.js
- /opt/homebrew/Cellar/fdk/64/custom_node_location/lib/node_modules/fdk/lib/logger.js
- /opt/homebrew/Cellar/fdk/64/custom_node_location/lib/node_modules/fdk/index.js[0m
2025-05-08 16:29:16.782 -0400 [debug] ([34mpack.js[0m) [31m'pack' called with {}[0m
2025-05-08 16:29:16.783 -0400 [debug] ([34mvalidate.js[0m) [31masked to skip the following validations, [0m
2025-05-08 16:29:16.783 -0400 [debug] ([34mvalidate.js[0m) [31mrunning validator actions[0m
2025-05-08 16:29:16.783 -0400 [debug] ([34mvalidate.js[0m) [31mrunning validator requests[0m
2025-05-08 16:29:16.784 -0400 [debug] ([34mvalidate.js[0m) [31mrunning validator app-dir[0m
2025-05-08 16:29:16.784 -0400 [debug] ([34mvalidate.js[0m) [31mrunning validator config-dir[0m
2025-05-08 16:29:16.784 -0400 [debug] ([34mconfig-dir.js[0m) [31mChecking to see if /Users/dave/repo/RiskAssetment-module/config/ exists.[0m
2025-05-08 16:29:16.784 -0400 [debug] ([34mconfig-dir.js[0m) [31mFetched the following config files iparams.json[0m
2025-05-08 16:29:16.784 -0400 [debug] ([34mvalidate.js[0m) [31mrunning validator custom-objects[0m
2025-05-08 16:29:16.784 -0400 [debug] ([34mvalidate.js[0m) [31mrunning validator event[0m
2025-05-08 16:29:16.784 -0400 [debug] ([34mvalidate.js[0m) [31mrunning validator iparam[0m
2025-05-08 16:29:16.785 -0400 [debug] ([34mvalidate.js[0m) [31mrunning validator lint[0m
2025-05-08 16:29:16.785 -0400 [debug] ([34mlint.js[0m) [31mpassed fix flag: undefined[0m
2025-05-08 16:29:16.786 -0400 [debug] ([34mlint.js[0m) [31mRunning the following lints on the file app/scripts/app.js : no-eval,no-alert,no-debugger,no-unreachable,no-duplicate-imports,constructor-super,for-direction,no-class-assign,no-new-native-nonconstructor,valid-typeof,no-eq-null,no-var,require-await,no-unreachable-loop,no-redeclare,no-self-assign,no-setter-return,no-shadow-restricted-names,no-this-before-super,no-unsafe-finally,no-unsafe-optional-chaining,no-unused-vars,no-useless-catch,eqeqeq,prefer-const,require-yield,no-global-assign,no-caller,no-process-env,complexity,max-nested-callbacks,handle-callback-err,getter-return,no-async-promise-executor,no-case-declarations,no-compare-neg-zero,no-cond-assign,no-const-assign,no-constant-condition,no-control-regex,no-delete-var,no-dupe-args,no-dupe-class-members,no-dupe-else-if,no-dupe-keys,no-duplicate-case,no-empty,no-empty-character-class,no-empty-pattern,no-ex-assign,no-extra-boolean-cast,no-extra-semi,no-fallthrough,no-func-assign,no-import-assign,no-inner-declarations,no-invalid-regexp,no-irregular-whitespace,no-loss-of-precision,no-misleading-character-class,no-mixed-spaces-and-tabs,no-nonoctal-decimal-escape,no-obj-calls,no-octal,no-prototype-builtins,no-regex-spaces,no-sparse-arrays,no-unexpected-multiline,no-unsafe-negation,no-unused-labels,no-useless-backreference,no-useless-escape,no-with,use-isnan,no-unpkg-cdn,no-proxy-requests,no-unhandled-promise,no-logging-rejections,no-non-client-request-model,no-deprecated-apis,no-cross-scope-assign,no-empty-function[0m
2025-05-08 16:29:16.903 -0400 [debug] ([34mvalidate.js[0m) [31mrunning validator manifest[0m
2025-05-08 16:29:16.904 -0400 [debug] ([34mvalidate.js[0m) [31mrunning validator manifest-dependency[0m
2025-05-08 16:29:16.905 -0400 [debug] ([34mvalidate.js[0m) [31mrunning validator oauth[0m
2025-05-08 16:29:16.905 -0400 [debug] ([34mvalidate.js[0m) [31mskipping validator pkgsize[0m
2025-05-08 16:29:16.905 -0400 [debug] ([34mvalidate.js[0m) [31mskipping validator schema[0m
2025-05-08 16:29:16.905 -0400 [debug] ([34mvalidate.js[0m) [31mrunning validator version-check[0m
2025-05-08 16:29:16.905 -0400 [debug] ([34mvalidate.js[0m) [31mrunning validator app-settings[0m
2025-05-08 16:29:16.909 -0400 [error] Packing failed due to the following issue(s):
2025-05-08 16:29:16.909 -0400 [error] [31m✖[39m app/scripts/app.js::51: Unexpected alert.
2025-05-08 16:29:16.909 -0400 [error] 
2025-05-08 16:29:16.913 -0400 [debug] ([34mreport.js[0m) [31mGenerating hash for report.json file[0m
2025-05-08 16:32:59.686 -0400 [debug] ([34mconfigs.js[0m) [31mloaded default configs as "{"updates":{"manifest_url":"https://cdn.freshdev.io/assets/fdk/updates.json","period":24},"log":{"level":"info"},"javascript":{"ecma_version":2020},"request":{"timeout":15000},"global_apps":{"enabled":false},"easel":{"enabled":false}}"[0m
2025-05-08 16:32:59.688 -0400 [debug] ([34mconfigs.js[0m) [31mloaded global configs as "{"request":{"timeout":15000}}"[0m
2025-05-08 16:32:59.688 -0400 [debug] ([34mconfigs.js[0m) [31mloaded local configs as "{"request":{"timeout":15000}}"[0m
2025-05-08 16:32:59.689 -0400 [debug] ([34mconfigs.js[0m) [31mloaded env configs as "{"updates":{},"log":{},"javascript":{},"request":{"timeout":15000}}"[0m
2025-05-08 16:32:59.689 -0400 [debug] ([34mconfigs.js[0m) [31mloaded resolved configs as "{"updates":{"manifest_url":"https://cdn.freshdev.io/assets/fdk/updates.json","period":24},"log":{"level":"info"},"javascript":{"ecma_version":2020},"request":{"timeout":15000},"global_apps":{"enabled":false},"easel":{"enabled":false}}"[0m
2025-05-08 16:32:59.690 -0400 [debug] ([34mlogger.js[0m) [31mStarting FDK in node v18.18.2 on darwin[0m
2025-05-08 16:32:59.690 -0400 [debug] ([34msequelize.js[0m) [31msetting up sqilite at "/Users/dave/repo/RiskAssetment-module/.fdk/store.sqlite"[0m
2025-05-08 16:32:59.690 -0400 [debug] ([34mdata.js[0m) [31mRead {"version_details":{"cli":{"deprecated":{"version":"<9","message":"This FDK version has been deprecated. There will be no further feature updates to this version. For a seamless app-building experience, ensure to move to the latest FDK version. For more information, see https://developers.freshworks.com/docs/app-sdk/v2.3/freshdesk/migration-guide/#migrate-to-the-latest-platform-version."},"forced":{"version":"7.0.0","command":"npm install https://dl.freshdev.io/cli/fdk-7.0.0.tgz -g","message":"Your FDK version has been forced updated to v7.0.0, please visit https://community.developers.freshworks.com/t/fdk-v7-0-announcing-node-js-v12-and-es6-support/3606 to know more"},"latest":{"version":"9.4.0","command":"npm install https://cdn.freshdev.io/fdk/latest.tgz -g","message":"You are on the latest FDK version. For information on the features available as part of this FDK version, see https://developers.freshworks.com/docs/?tab=modules."}},"addon":{"version":"2.1.0","url":"https://cdn.freshdev.io/assets/fdk/addons/addon.zip"}},"last_updated":{"time_stamp":1746716776887}}[0m
2025-05-08 16:32:59.691 -0400 [debug] ([34mupdater.js[0m) [31mlast check less than 24 hours ago, not looking for updates[0m
2025-05-08 16:32:59.697 -0400 [debug] ([34mindex.js[0m) [31mrunning with opts {}[0m
2025-05-08 16:32:59.725 -0400 [debug] ([34mdata.js[0m) [31mRead {"version_details":{"cli":{"deprecated":{"version":"<9","message":"This FDK version has been deprecated. There will be no further feature updates to this version. For a seamless app-building experience, ensure to move to the latest FDK version. For more information, see https://developers.freshworks.com/docs/app-sdk/v2.3/freshdesk/migration-guide/#migrate-to-the-latest-platform-version."},"forced":{"version":"7.0.0","command":"npm install https://dl.freshdev.io/cli/fdk-7.0.0.tgz -g","message":"Your FDK version has been forced updated to v7.0.0, please visit https://community.developers.freshworks.com/t/fdk-v7-0-announcing-node-js-v12-and-es6-support/3606 to know more"},"latest":{"version":"9.4.0","command":"npm install https://cdn.freshdev.io/fdk/latest.tgz -g","message":"You are on the latest FDK version. For information on the features available as part of this FDK version, see https://developers.freshworks.com/docs/?tab=modules."}},"addon":{"version":"2.1.0","url":"https://cdn.freshdev.io/assets/fdk/addons/addon.zip"}},"last_updated":{"time_stamp":1746716776887}}[0m
2025-05-08 16:32:59.728 -0400 [debug] ([34mmanifest.js[0m) [31mReloading manifest with {"platform-version":"2.3","product":{"freshservice":{"location":{"ticket_sidebar":{"url":"index.html","icon":"styles/images/icon.svg"}}}},"engines":{"node":"18.18.2","fdk":"9.3.0"}}.[0m
2025-05-08 16:32:59.730 -0400 [debug] ([34mmanifest.js[0m) [31mInferred db as features.[0m
2025-05-08 16:32:59.731 -0400 [debug] ([34mdata.js[0m) [31mRead {"version_details":{"cli":{"deprecated":{"version":"<9","message":"This FDK version has been deprecated. There will be no further feature updates to this version. For a seamless app-building experience, ensure to move to the latest FDK version. For more information, see https://developers.freshworks.com/docs/app-sdk/v2.3/freshdesk/migration-guide/#migrate-to-the-latest-platform-version."},"forced":{"version":"7.0.0","command":"npm install https://dl.freshdev.io/cli/fdk-7.0.0.tgz -g","message":"Your FDK version has been forced updated to v7.0.0, please visit https://community.developers.freshworks.com/t/fdk-v7-0-announcing-node-js-v12-and-es6-support/3606 to know more"},"latest":{"version":"9.4.0","command":"npm install https://cdn.freshdev.io/fdk/latest.tgz -g","message":"You are on the latest FDK version. For information on the features available as part of this FDK version, see https://developers.freshworks.com/docs/?tab=modules."}},"addon":{"version":"2.1.0","url":"https://cdn.freshdev.io/assets/fdk/addons/addon.zip"}},"last_updated":{"time_stamp":1746716776887}}[0m
2025-05-08 16:33:00.525 -0400 [debug] ([34mpack.js[0m) [31m'pack' called with {}[0m
2025-05-08 16:33:00.526 -0400 [debug] ([34mvalidate.js[0m) [31masked to skip the following validations, [0m
2025-05-08 16:33:00.526 -0400 [debug] ([34mvalidate.js[0m) [31mrunning validator actions[0m
2025-05-08 16:33:00.526 -0400 [debug] ([34mvalidate.js[0m) [31mrunning validator requests[0m
2025-05-08 16:33:00.526 -0400 [debug] ([34mvalidate.js[0m) [31mrunning validator app-dir[0m
2025-05-08 16:33:00.527 -0400 [debug] ([34mvalidate.js[0m) [31mrunning validator config-dir[0m
2025-05-08 16:33:00.527 -0400 [debug] ([34mconfig-dir.js[0m) [31mChecking to see if /Users/dave/repo/RiskAssetment-module/config/ exists.[0m
2025-05-08 16:33:00.527 -0400 [debug] ([34mconfig-dir.js[0m) [31mFetched the following config files iparams.json[0m
2025-05-08 16:33:00.527 -0400 [debug] ([34mvalidate.js[0m) [31mrunning validator custom-objects[0m
2025-05-08 16:33:00.527 -0400 [debug] ([34mvalidate.js[0m) [31mrunning validator event[0m
2025-05-08 16:33:00.527 -0400 [debug] ([34mvalidate.js[0m) [31mrunning validator iparam[0m
2025-05-08 16:33:00.528 -0400 [debug] ([34mvalidate.js[0m) [31mrunning validator lint[0m
2025-05-08 16:33:00.528 -0400 [debug] ([34mlint.js[0m) [31mpassed fix flag: undefined[0m
2025-05-08 16:33:00.529 -0400 [debug] ([34mlint.js[0m) [31mRunning the following lints on the file app/scripts/app.js : no-eval,no-alert,no-debugger,no-unreachable,no-duplicate-imports,constructor-super,for-direction,no-class-assign,no-new-native-nonconstructor,valid-typeof,no-eq-null,no-var,require-await,no-unreachable-loop,no-redeclare,no-self-assign,no-setter-return,no-shadow-restricted-names,no-this-before-super,no-unsafe-finally,no-unsafe-optional-chaining,no-unused-vars,no-useless-catch,eqeqeq,prefer-const,require-yield,no-global-assign,no-caller,no-process-env,complexity,max-nested-callbacks,handle-callback-err,getter-return,no-async-promise-executor,no-case-declarations,no-compare-neg-zero,no-cond-assign,no-const-assign,no-constant-condition,no-control-regex,no-delete-var,no-dupe-args,no-dupe-class-members,no-dupe-else-if,no-dupe-keys,no-duplicate-case,no-empty,no-empty-character-class,no-empty-pattern,no-ex-assign,no-extra-boolean-cast,no-extra-semi,no-fallthrough,no-func-assign,no-import-assign,no-inner-declarations,no-invalid-regexp,no-irregular-whitespace,no-loss-of-precision,no-misleading-character-class,no-mixed-spaces-and-tabs,no-nonoctal-decimal-escape,no-obj-calls,no-octal,no-prototype-builtins,no-regex-spaces,no-sparse-arrays,no-unexpected-multiline,no-unsafe-negation,no-unused-labels,no-useless-backreference,no-useless-escape,no-with,use-isnan,no-unpkg-cdn,no-proxy-requests,no-unhandled-promise,no-logging-rejections,no-non-client-request-model,no-deprecated-apis,no-cross-scope-assign,no-empty-function[0m
2025-05-08 16:33:00.635 -0400 [debug] ([34mvalidate.js[0m) [31mrunning validator manifest[0m
2025-05-08 16:33:00.635 -0400 [debug] ([34mvalidate.js[0m) [31mrunning validator manifest-dependency[0m
2025-05-08 16:33:00.635 -0400 [debug] ([34mvalidate.js[0m) [31mrunning validator oauth[0m
2025-05-08 16:33:00.635 -0400 [debug] ([34mvalidate.js[0m) [31mskipping validator pkgsize[0m
2025-05-08 16:33:00.635 -0400 [debug] ([34mvalidate.js[0m) [31mskipping validator schema[0m
2025-05-08 16:33:00.635 -0400 [debug] ([34mvalidate.js[0m) [31mrunning validator version-check[0m
2025-05-08 16:33:00.636 -0400 [debug] ([34mvalidate.js[0m) [31mrunning validator app-settings[0m
2025-05-08 16:33:00.639 -0400 [error] Packing failed due to the following issue(s):
2025-05-08 16:33:00.639 -0400 [error] [31m✖[39m app/scripts/app.js::51: Unexpected alert.
2025-05-08 16:33:00.639 -0400 [error] 
2025-05-08 16:33:00.644 -0400 [debug] ([34mreport.js[0m) [31mGenerating hash for report.json file[0m
2025-05-08 16:33:47.460 -0400 [debug] ([34mconfigs.js[0m) [31mloaded default configs as "{"updates":{"manifest_url":"https://cdn.freshdev.io/assets/fdk/updates.json","period":24},"log":{"level":"info"},"javascript":{"ecma_version":2020},"request":{"timeout":15000},"global_apps":{"enabled":false},"easel":{"enabled":false}}"[0m
2025-05-08 16:33:47.461 -0400 [debug] ([34mconfigs.js[0m) [31mloaded global configs as "{"request":{"timeout":15000}}"[0m
2025-05-08 16:33:47.462 -0400 [debug] ([34mconfigs.js[0m) [31mloaded local configs as "{"request":{"timeout":15000}}"[0m
2025-05-08 16:33:47.462 -0400 [debug] ([34mconfigs.js[0m) [31mloaded env configs as "{"updates":{},"log":{},"javascript":{},"request":{"timeout":15000}}"[0m
2025-05-08 16:33:47.463 -0400 [debug] ([34mconfigs.js[0m) [31mloaded resolved configs as "{"updates":{"manifest_url":"https://cdn.freshdev.io/assets/fdk/updates.json","period":24},"log":{"level":"info"},"javascript":{"ecma_version":2020},"request":{"timeout":15000},"global_apps":{"enabled":false},"easel":{"enabled":false}}"[0m
2025-05-08 16:33:47.464 -0400 [debug] ([34mlogger.js[0m) [31mStarting FDK in node v18.18.2 on darwin[0m
2025-05-08 16:33:47.464 -0400 [debug] ([34msequelize.js[0m) [31msetting up sqilite at "/Users/dave/repo/RiskAssetment-module/.fdk/store.sqlite"[0m
2025-05-08 16:33:47.464 -0400 [debug] ([34mdata.js[0m) [31mRead {"version_details":{"cli":{"deprecated":{"version":"<9","message":"This FDK version has been deprecated. There will be no further feature updates to this version. For a seamless app-building experience, ensure to move to the latest FDK version. For more information, see https://developers.freshworks.com/docs/app-sdk/v2.3/freshdesk/migration-guide/#migrate-to-the-latest-platform-version."},"forced":{"version":"7.0.0","command":"npm install https://dl.freshdev.io/cli/fdk-7.0.0.tgz -g","message":"Your FDK version has been forced updated to v7.0.0, please visit https://community.developers.freshworks.com/t/fdk-v7-0-announcing-node-js-v12-and-es6-support/3606 to know more"},"latest":{"version":"9.4.0","command":"npm install https://cdn.freshdev.io/fdk/latest.tgz -g","message":"You are on the latest FDK version. For information on the features available as part of this FDK version, see https://developers.freshworks.com/docs/?tab=modules."}},"addon":{"version":"2.1.0","url":"https://cdn.freshdev.io/assets/fdk/addons/addon.zip"}},"last_updated":{"time_stamp":1746716776887}}[0m
2025-05-08 16:33:47.465 -0400 [debug] ([34mupdater.js[0m) [31mlast check less than 24 hours ago, not looking for updates[0m
2025-05-08 16:33:47.470 -0400 [debug] ([34mindex.js[0m) [31mrunning with opts {}[0m
2025-05-08 16:33:47.498 -0400 [debug] ([34mdata.js[0m) [31mRead {"version_details":{"cli":{"deprecated":{"version":"<9","message":"This FDK version has been deprecated. There will be no further feature updates to this version. For a seamless app-building experience, ensure to move to the latest FDK version. For more information, see https://developers.freshworks.com/docs/app-sdk/v2.3/freshdesk/migration-guide/#migrate-to-the-latest-platform-version."},"forced":{"version":"7.0.0","command":"npm install https://dl.freshdev.io/cli/fdk-7.0.0.tgz -g","message":"Your FDK version has been forced updated to v7.0.0, please visit https://community.developers.freshworks.com/t/fdk-v7-0-announcing-node-js-v12-and-es6-support/3606 to know more"},"latest":{"version":"9.4.0","command":"npm install https://cdn.freshdev.io/fdk/latest.tgz -g","message":"You are on the latest FDK version. For information on the features available as part of this FDK version, see https://developers.freshworks.com/docs/?tab=modules."}},"addon":{"version":"2.1.0","url":"https://cdn.freshdev.io/assets/fdk/addons/addon.zip"}},"last_updated":{"time_stamp":1746716776887}}[0m
2025-05-08 16:33:47.500 -0400 [debug] ([34mmanifest.js[0m) [31mReloading manifest with {"platform-version":"2.3","product":{"freshservice":{"location":{"ticket_sidebar":{"url":"index.html","icon":"styles/images/icon.svg"}}}},"engines":{"node":"18.18.2","fdk":"9.3.0"}}.[0m
2025-05-08 16:33:47.502 -0400 [debug] ([34mmanifest.js[0m) [31mInferred db as features.[0m
2025-05-08 16:33:47.503 -0400 [debug] ([34mdata.js[0m) [31mRead {"version_details":{"cli":{"deprecated":{"version":"<9","message":"This FDK version has been deprecated. There will be no further feature updates to this version. For a seamless app-building experience, ensure to move to the latest FDK version. For more information, see https://developers.freshworks.com/docs/app-sdk/v2.3/freshdesk/migration-guide/#migrate-to-the-latest-platform-version."},"forced":{"version":"7.0.0","command":"npm install https://dl.freshdev.io/cli/fdk-7.0.0.tgz -g","message":"Your FDK version has been forced updated to v7.0.0, please visit https://community.developers.freshworks.com/t/fdk-v7-0-announcing-node-js-v12-and-es6-support/3606 to know more"},"latest":{"version":"9.4.0","command":"npm install https://cdn.freshdev.io/fdk/latest.tgz -g","message":"You are on the latest FDK version. For information on the features available as part of this FDK version, see https://developers.freshworks.com/docs/?tab=modules."}},"addon":{"version":"2.1.0","url":"https://cdn.freshdev.io/assets/fdk/addons/addon.zip"}},"last_updated":{"time_stamp":1746716776887}}[0m
2025-05-08 16:33:48.303 -0400 [debug] ([34mpack.js[0m) [31m'pack' called with {}[0m
2025-05-08 16:33:48.304 -0400 [debug] ([34mvalidate.js[0m) [31masked to skip the following validations, [0m
2025-05-08 16:33:48.304 -0400 [debug] ([34mvalidate.js[0m) [31mrunning validator actions[0m
2025-05-08 16:33:48.304 -0400 [debug] ([34mvalidate.js[0m) [31mrunning validator requests[0m
2025-05-08 16:33:48.304 -0400 [debug] ([34mvalidate.js[0m) [31mrunning validator app-dir[0m
2025-05-08 16:33:48.305 -0400 [debug] ([34mvalidate.js[0m) [31mrunning validator config-dir[0m
2025-05-08 16:33:48.305 -0400 [debug] ([34mconfig-dir.js[0m) [31mChecking to see if /Users/dave/repo/RiskAssetment-module/config/ exists.[0m
2025-05-08 16:33:48.305 -0400 [debug] ([34mconfig-dir.js[0m) [31mFetched the following config files iparams.json[0m
2025-05-08 16:33:48.305 -0400 [debug] ([34mvalidate.js[0m) [31mrunning validator custom-objects[0m
2025-05-08 16:33:48.305 -0400 [debug] ([34mvalidate.js[0m) [31mrunning validator event[0m
2025-05-08 16:33:48.305 -0400 [debug] ([34mvalidate.js[0m) [31mrunning validator iparam[0m
2025-05-08 16:33:48.306 -0400 [debug] ([34mvalidate.js[0m) [31mrunning validator lint[0m
2025-05-08 16:33:48.306 -0400 [debug] ([34mlint.js[0m) [31mpassed fix flag: undefined[0m
2025-05-08 16:33:48.307 -0400 [debug] ([34mlint.js[0m) [31mRunning the following lints on the file app/scripts/app.js : no-eval,no-alert,no-debugger,no-unreachable,no-duplicate-imports,constructor-super,for-direction,no-class-assign,no-new-native-nonconstructor,valid-typeof,no-eq-null,no-var,require-await,no-unreachable-loop,no-redeclare,no-self-assign,no-setter-return,no-shadow-restricted-names,no-this-before-super,no-unsafe-finally,no-unsafe-optional-chaining,no-unused-vars,no-useless-catch,eqeqeq,prefer-const,require-yield,no-global-assign,no-caller,no-process-env,complexity,max-nested-callbacks,handle-callback-err,getter-return,no-async-promise-executor,no-case-declarations,no-compare-neg-zero,no-cond-assign,no-const-assign,no-constant-condition,no-control-regex,no-delete-var,no-dupe-args,no-dupe-class-members,no-dupe-else-if,no-dupe-keys,no-duplicate-case,no-empty,no-empty-character-class,no-empty-pattern,no-ex-assign,no-extra-boolean-cast,no-extra-semi,no-fallthrough,no-func-assign,no-import-assign,no-inner-declarations,no-invalid-regexp,no-irregular-whitespace,no-loss-of-precision,no-misleading-character-class,no-mixed-spaces-and-tabs,no-nonoctal-decimal-escape,no-obj-calls,no-octal,no-prototype-builtins,no-regex-spaces,no-sparse-arrays,no-unexpected-multiline,no-unsafe-negation,no-unused-labels,no-useless-backreference,no-useless-escape,no-with,use-isnan,no-unpkg-cdn,no-proxy-requests,no-unhandled-promise,no-logging-rejections,no-non-client-request-model,no-deprecated-apis,no-cross-scope-assign,no-empty-function[0m
2025-05-08 16:33:48.412 -0400 [debug] ([34mvalidate.js[0m) [31mrunning validator manifest[0m
2025-05-08 16:33:48.412 -0400 [debug] ([34mvalidate.js[0m) [31mrunning validator manifest-dependency[0m
2025-05-08 16:33:48.413 -0400 [debug] ([34mvalidate.js[0m) [31mrunning validator oauth[0m
2025-05-08 16:33:48.413 -0400 [debug] ([34mvalidate.js[0m) [31mskipping validator pkgsize[0m
2025-05-08 16:33:48.413 -0400 [debug] ([34mvalidate.js[0m) [31mskipping validator schema[0m
2025-05-08 16:33:48.413 -0400 [debug] ([34mvalidate.js[0m) [31mrunning validator version-check[0m
2025-05-08 16:33:48.413 -0400 [debug] ([34mvalidate.js[0m) [31mrunning validator app-settings[0m
2025-05-08 16:33:48.416 -0400 [error] Packing failed due to the following issue(s):
2025-05-08 16:33:48.416 -0400 [error] [31m✖[39m app/scripts/app.js::51: Unexpected alert.
2025-05-08 16:33:48.416 -0400 [error] 
2025-05-08 16:33:48.421 -0400 [debug] ([34mreport.js[0m) [31mGenerating hash for report.json file[0m
2025-05-08 16:35:35.294 -0400 [debug] ([34mconfigs.js[0m) [31mloaded default configs as "{"updates":{"manifest_url":"https://cdn.freshdev.io/assets/fdk/updates.json","period":24},"log":{"level":"info"},"javascript":{"ecma_version":2020},"request":{"timeout":15000},"global_apps":{"enabled":false},"easel":{"enabled":false}}"[0m
2025-05-08 16:35:35.296 -0400 [debug] ([34mconfigs.js[0m) [31mloaded global configs as "{"request":{"timeout":15000}}"[0m
2025-05-08 16:35:35.296 -0400 [debug] ([34mconfigs.js[0m) [31mloaded local configs as "{"request":{"timeout":15000}}"[0m
2025-05-08 16:35:35.297 -0400 [debug] ([34mconfigs.js[0m) [31mloaded env configs as "{"updates":{},"log":{},"javascript":{},"request":{"timeout":15000}}"[0m
2025-05-08 16:35:35.297 -0400 [debug] ([34mconfigs.js[0m) [31mloaded resolved configs as "{"updates":{"manifest_url":"https://cdn.freshdev.io/assets/fdk/updates.json","period":24},"log":{"level":"info"},"javascript":{"ecma_version":2020},"request":{"timeout":15000},"global_apps":{"enabled":false},"easel":{"enabled":false}}"[0m
2025-05-08 16:35:35.298 -0400 [debug] ([34mlogger.js[0m) [31mStarting FDK in node v18.18.2 on darwin[0m
2025-05-08 16:35:35.298 -0400 [debug] ([34msequelize.js[0m) [31msetting up sqilite at "/Users/dave/repo/RiskAssetment-module/.fdk/store.sqlite"[0m
2025-05-08 16:35:35.298 -0400 [debug] ([34mdata.js[0m) [31mRead {"version_details":{"cli":{"deprecated":{"version":"<9","message":"This FDK version has been deprecated. There will be no further feature updates to this version. For a seamless app-building experience, ensure to move to the latest FDK version. For more information, see https://developers.freshworks.com/docs/app-sdk/v2.3/freshdesk/migration-guide/#migrate-to-the-latest-platform-version."},"forced":{"version":"7.0.0","command":"npm install https://dl.freshdev.io/cli/fdk-7.0.0.tgz -g","message":"Your FDK version has been forced updated to v7.0.0, please visit https://community.developers.freshworks.com/t/fdk-v7-0-announcing-node-js-v12-and-es6-support/3606 to know more"},"latest":{"version":"9.4.0","command":"npm install https://cdn.freshdev.io/fdk/latest.tgz -g","message":"You are on the latest FDK version. For information on the features available as part of this FDK version, see https://developers.freshworks.com/docs/?tab=modules."}},"addon":{"version":"2.1.0","url":"https://cdn.freshdev.io/assets/fdk/addons/addon.zip"}},"last_updated":{"time_stamp":1746716776887}}[0m
2025-05-08 16:35:35.299 -0400 [debug] ([34mupdater.js[0m) [31mlast check less than 24 hours ago, not looking for updates[0m
2025-05-08 16:35:35.305 -0400 [debug] ([34mindex.js[0m) [31mrunning with opts {}[0m
2025-05-08 16:35:35.332 -0400 [debug] ([34mdata.js[0m) [31mRead {"version_details":{"cli":{"deprecated":{"version":"<9","message":"This FDK version has been deprecated. There will be no further feature updates to this version. For a seamless app-building experience, ensure to move to the latest FDK version. For more information, see https://developers.freshworks.com/docs/app-sdk/v2.3/freshdesk/migration-guide/#migrate-to-the-latest-platform-version."},"forced":{"version":"7.0.0","command":"npm install https://dl.freshdev.io/cli/fdk-7.0.0.tgz -g","message":"Your FDK version has been forced updated to v7.0.0, please visit https://community.developers.freshworks.com/t/fdk-v7-0-announcing-node-js-v12-and-es6-support/3606 to know more"},"latest":{"version":"9.4.0","command":"npm install https://cdn.freshdev.io/fdk/latest.tgz -g","message":"You are on the latest FDK version. For information on the features available as part of this FDK version, see https://developers.freshworks.com/docs/?tab=modules."}},"addon":{"version":"2.1.0","url":"https://cdn.freshdev.io/assets/fdk/addons/addon.zip"}},"last_updated":{"time_stamp":1746716776887}}[0m
2025-05-08 16:35:35.334 -0400 [debug] ([34mmanifest.js[0m) [31mReloading manifest with {"platform-version":"2.3","product":{"freshservice":{"location":{"ticket_sidebar":{"url":"index.html","icon":"styles/images/icon.svg"}}}},"engines":{"node":"18.18.2","fdk":"9.3.0"}}.[0m
2025-05-08 16:35:35.336 -0400 [debug] ([34mmanifest.js[0m) [31mInferred db as features.[0m
2025-05-08 16:35:35.337 -0400 [debug] ([34mdata.js[0m) [31mRead {"version_details":{"cli":{"deprecated":{"version":"<9","message":"This FDK version has been deprecated. There will be no further feature updates to this version. For a seamless app-building experience, ensure to move to the latest FDK version. For more information, see https://developers.freshworks.com/docs/app-sdk/v2.3/freshdesk/migration-guide/#migrate-to-the-latest-platform-version."},"forced":{"version":"7.0.0","command":"npm install https://dl.freshdev.io/cli/fdk-7.0.0.tgz -g","message":"Your FDK version has been forced updated to v7.0.0, please visit https://community.developers.freshworks.com/t/fdk-v7-0-announcing-node-js-v12-and-es6-support/3606 to know more"},"latest":{"version":"9.4.0","command":"npm install https://cdn.freshdev.io/fdk/latest.tgz -g","message":"You are on the latest FDK version. For information on the features available as part of this FDK version, see https://developers.freshworks.com/docs/?tab=modules."}},"addon":{"version":"2.1.0","url":"https://cdn.freshdev.io/assets/fdk/addons/addon.zip"}},"last_updated":{"time_stamp":1746716776887}}[0m
2025-05-08 16:35:36.147 -0400 [debug] ([34mpack.js[0m) [31m'pack' called with {}[0m
2025-05-08 16:35:36.147 -0400 [debug] ([34mvalidate.js[0m) [31masked to skip the following validations, [0m
2025-05-08 16:35:36.148 -0400 [debug] ([34mvalidate.js[0m) [31mrunning validator actions[0m
2025-05-08 16:35:36.148 -0400 [debug] ([34mvalidate.js[0m) [31mrunning validator requests[0m
2025-05-08 16:35:36.148 -0400 [debug] ([34mvalidate.js[0m) [31mrunning validator app-dir[0m
2025-05-08 16:35:36.148 -0400 [debug] ([34mvalidate.js[0m) [31mrunning validator config-dir[0m
2025-05-08 16:35:36.148 -0400 [debug] ([34mconfig-dir.js[0m) [31mChecking to see if /Users/dave/repo/RiskAssetment-module/config/ exists.[0m
2025-05-08 16:35:36.148 -0400 [debug] ([34mconfig-dir.js[0m) [31mFetched the following config files iparams.json[0m
2025-05-08 16:35:36.148 -0400 [debug] ([34mvalidate.js[0m) [31mrunning validator custom-objects[0m
2025-05-08 16:35:36.149 -0400 [debug] ([34mvalidate.js[0m) [31mrunning validator event[0m
2025-05-08 16:35:36.149 -0400 [debug] ([34mvalidate.js[0m) [31mrunning validator iparam[0m
2025-05-08 16:35:36.149 -0400 [debug] ([34mvalidate.js[0m) [31mrunning validator lint[0m
2025-05-08 16:35:36.149 -0400 [debug] ([34mlint.js[0m) [31mpassed fix flag: undefined[0m
2025-05-08 16:35:36.150 -0400 [debug] ([34mlint.js[0m) [31mRunning the following lints on the file app/scripts/app.js : no-eval,no-alert,no-debugger,no-unreachable,no-duplicate-imports,constructor-super,for-direction,no-class-assign,no-new-native-nonconstructor,valid-typeof,no-eq-null,no-var,require-await,no-unreachable-loop,no-redeclare,no-self-assign,no-setter-return,no-shadow-restricted-names,no-this-before-super,no-unsafe-finally,no-unsafe-optional-chaining,no-unused-vars,no-useless-catch,eqeqeq,prefer-const,require-yield,no-global-assign,no-caller,no-process-env,complexity,max-nested-callbacks,handle-callback-err,getter-return,no-async-promise-executor,no-case-declarations,no-compare-neg-zero,no-cond-assign,no-const-assign,no-constant-condition,no-control-regex,no-delete-var,no-dupe-args,no-dupe-class-members,no-dupe-else-if,no-dupe-keys,no-duplicate-case,no-empty,no-empty-character-class,no-empty-pattern,no-ex-assign,no-extra-boolean-cast,no-extra-semi,no-fallthrough,no-func-assign,no-import-assign,no-inner-declarations,no-invalid-regexp,no-irregular-whitespace,no-loss-of-precision,no-misleading-character-class,no-mixed-spaces-and-tabs,no-nonoctal-decimal-escape,no-obj-calls,no-octal,no-prototype-builtins,no-regex-spaces,no-sparse-arrays,no-unexpected-multiline,no-unsafe-negation,no-unused-labels,no-useless-backreference,no-useless-escape,no-with,use-isnan,no-unpkg-cdn,no-proxy-requests,no-unhandled-promise,no-logging-rejections,no-non-client-request-model,no-deprecated-apis,no-cross-scope-assign,no-empty-function[0m
2025-05-08 16:35:36.255 -0400 [debug] ([34mvalidate.js[0m) [31mrunning validator manifest[0m
2025-05-08 16:35:36.255 -0400 [debug] ([34mvalidate.js[0m) [31mrunning validator manifest-dependency[0m
2025-05-08 16:35:36.256 -0400 [debug] ([34mvalidate.js[0m) [31mrunning validator oauth[0m
2025-05-08 16:35:36.256 -0400 [debug] ([34mvalidate.js[0m) [31mskipping validator pkgsize[0m
2025-05-08 16:35:36.256 -0400 [debug] ([34mvalidate.js[0m) [31mskipping validator schema[0m
2025-05-08 16:35:36.256 -0400 [debug] ([34mvalidate.js[0m) [31mrunning validator version-check[0m
2025-05-08 16:35:36.256 -0400 [debug] ([34mvalidate.js[0m) [31mrunning validator app-settings[0m
2025-05-08 16:35:36.259 -0400 [error] Packing failed due to the following issue(s):
2025-05-08 16:35:36.259 -0400 [error] [31m✖[39m app/scripts/app.js::51: Unexpected alert.
2025-05-08 16:35:36.259 -0400 [error] 
2025-05-08 16:35:36.264 -0400 [debug] ([34mreport.js[0m) [31mGenerating hash for report.json file[0m
2025-05-08 16:35:51.998 -0400 [debug] ([34mconfigs.js[0m) [31mloaded default configs as "{"updates":{"manifest_url":"https://cdn.freshdev.io/assets/fdk/updates.json","period":24},"log":{"level":"info"},"javascript":{"ecma_version":2020},"request":{"timeout":15000},"global_apps":{"enabled":false},"easel":{"enabled":false}}"[0m
2025-05-08 16:35:52.000 -0400 [debug] ([34mconfigs.js[0m) [31mloaded global configs as "{"request":{"timeout":15000}}"[0m
2025-05-08 16:35:52.000 -0400 [debug] ([34mconfigs.js[0m) [31mloaded local configs as "{"request":{"timeout":15000}}"[0m
2025-05-08 16:35:52.001 -0400 [debug] ([34mconfigs.js[0m) [31mloaded env configs as "{"updates":{},"log":{},"javascript":{},"request":{"timeout":15000}}"[0m
2025-05-08 16:35:52.002 -0400 [debug] ([34mconfigs.js[0m) [31mloaded resolved configs as "{"updates":{"manifest_url":"https://cdn.freshdev.io/assets/fdk/updates.json","period":24},"log":{"level":"info"},"javascript":{"ecma_version":2020},"request":{"timeout":15000},"global_apps":{"enabled":false},"easel":{"enabled":false}}"[0m
2025-05-08 16:35:52.002 -0400 [debug] ([34mlogger.js[0m) [31mStarting FDK in node v18.18.2 on darwin[0m
2025-05-08 16:35:52.003 -0400 [debug] ([34msequelize.js[0m) [31msetting up sqilite at "/Users/dave/repo/RiskAssetment-module/.fdk/store.sqlite"[0m
2025-05-08 16:35:52.003 -0400 [debug] ([34mdata.js[0m) [31mRead {"version_details":{"cli":{"deprecated":{"version":"<9","message":"This FDK version has been deprecated. There will be no further feature updates to this version. For a seamless app-building experience, ensure to move to the latest FDK version. For more information, see https://developers.freshworks.com/docs/app-sdk/v2.3/freshdesk/migration-guide/#migrate-to-the-latest-platform-version."},"forced":{"version":"7.0.0","command":"npm install https://dl.freshdev.io/cli/fdk-7.0.0.tgz -g","message":"Your FDK version has been forced updated to v7.0.0, please visit https://community.developers.freshworks.com/t/fdk-v7-0-announcing-node-js-v12-and-es6-support/3606 to know more"},"latest":{"version":"9.4.0","command":"npm install https://cdn.freshdev.io/fdk/latest.tgz -g","message":"You are on the latest FDK version. For information on the features available as part of this FDK version, see https://developers.freshworks.com/docs/?tab=modules."}},"addon":{"version":"2.1.0","url":"https://cdn.freshdev.io/assets/fdk/addons/addon.zip"}},"last_updated":{"time_stamp":1746716776887}}[0m
2025-05-08 16:35:52.003 -0400 [debug] ([34mupdater.js[0m) [31mlast check less than 24 hours ago, not looking for updates[0m
2025-05-08 16:35:52.009 -0400 [debug] ([34mindex.js[0m) [31mrunning with opts {}[0m
2025-05-08 16:35:52.036 -0400 [debug] ([34mdata.js[0m) [31mRead {"version_details":{"cli":{"deprecated":{"version":"<9","message":"This FDK version has been deprecated. There will be no further feature updates to this version. For a seamless app-building experience, ensure to move to the latest FDK version. For more information, see https://developers.freshworks.com/docs/app-sdk/v2.3/freshdesk/migration-guide/#migrate-to-the-latest-platform-version."},"forced":{"version":"7.0.0","command":"npm install https://dl.freshdev.io/cli/fdk-7.0.0.tgz -g","message":"Your FDK version has been forced updated to v7.0.0, please visit https://community.developers.freshworks.com/t/fdk-v7-0-announcing-node-js-v12-and-es6-support/3606 to know more"},"latest":{"version":"9.4.0","command":"npm install https://cdn.freshdev.io/fdk/latest.tgz -g","message":"You are on the latest FDK version. For information on the features available as part of this FDK version, see https://developers.freshworks.com/docs/?tab=modules."}},"addon":{"version":"2.1.0","url":"https://cdn.freshdev.io/assets/fdk/addons/addon.zip"}},"last_updated":{"time_stamp":1746716776887}}[0m
2025-05-08 16:35:52.039 -0400 [debug] ([34mmanifest.js[0m) [31mReloading manifest with {"platform-version":"2.3","product":{"freshservice":{"location":{"ticket_sidebar":{"url":"index.html","icon":"styles/images/icon.svg"}}}},"engines":{"node":"18.18.2","fdk":"9.3.0"}}.[0m
2025-05-08 16:35:52.040 -0400 [debug] ([34mmanifest.js[0m) [31mInferred db as features.[0m
2025-05-08 16:35:52.041 -0400 [debug] ([34mdata.js[0m) [31mRead {"version_details":{"cli":{"deprecated":{"version":"<9","message":"This FDK version has been deprecated. There will be no further feature updates to this version. For a seamless app-building experience, ensure to move to the latest FDK version. For more information, see https://developers.freshworks.com/docs/app-sdk/v2.3/freshdesk/migration-guide/#migrate-to-the-latest-platform-version."},"forced":{"version":"7.0.0","command":"npm install https://dl.freshdev.io/cli/fdk-7.0.0.tgz -g","message":"Your FDK version has been forced updated to v7.0.0, please visit https://community.developers.freshworks.com/t/fdk-v7-0-announcing-node-js-v12-and-es6-support/3606 to know more"},"latest":{"version":"9.4.0","command":"npm install https://cdn.freshdev.io/fdk/latest.tgz -g","message":"You are on the latest FDK version. For information on the features available as part of this FDK version, see https://developers.freshworks.com/docs/?tab=modules."}},"addon":{"version":"2.1.0","url":"https://cdn.freshdev.io/assets/fdk/addons/addon.zip"}},"last_updated":{"time_stamp":1746716776887}}[0m
2025-05-08 16:35:52.837 -0400 [debug] ([34mpack.js[0m) [31m'pack' called with {}[0m
2025-05-08 16:35:52.837 -0400 [debug] ([34mvalidate.js[0m) [31masked to skip the following validations, [0m
2025-05-08 16:35:52.837 -0400 [debug] ([34mvalidate.js[0m) [31mrunning validator actions[0m
2025-05-08 16:35:52.838 -0400 [debug] ([34mvalidate.js[0m) [31mrunning validator requests[0m
2025-05-08 16:35:52.838 -0400 [debug] ([34mvalidate.js[0m) [31mrunning validator app-dir[0m
2025-05-08 16:35:52.838 -0400 [debug] ([34mvalidate.js[0m) [31mrunning validator config-dir[0m
2025-05-08 16:35:52.838 -0400 [debug] ([34mconfig-dir.js[0m) [31mChecking to see if /Users/dave/repo/RiskAssetment-module/config/ exists.[0m
2025-05-08 16:35:52.838 -0400 [debug] ([34mconfig-dir.js[0m) [31mFetched the following config files iparams.json[0m
2025-05-08 16:35:52.838 -0400 [debug] ([34mvalidate.js[0m) [31mrunning validator custom-objects[0m
2025-05-08 16:35:52.838 -0400 [debug] ([34mvalidate.js[0m) [31mrunning validator event[0m
2025-05-08 16:35:52.838 -0400 [debug] ([34mvalidate.js[0m) [31mrunning validator iparam[0m
2025-05-08 16:35:52.839 -0400 [debug] ([34mvalidate.js[0m) [31mrunning validator lint[0m
2025-05-08 16:35:52.839 -0400 [debug] ([34mlint.js[0m) [31mpassed fix flag: undefined[0m
2025-05-08 16:35:52.840 -0400 [debug] ([34mlint.js[0m) [31mRunning the following lints on the file app/scripts/app.js : no-eval,no-alert,no-debugger,no-unreachable,no-duplicate-imports,constructor-super,for-direction,no-class-assign,no-new-native-nonconstructor,valid-typeof,no-eq-null,no-var,require-await,no-unreachable-loop,no-redeclare,no-self-assign,no-setter-return,no-shadow-restricted-names,no-this-before-super,no-unsafe-finally,no-unsafe-optional-chaining,no-unused-vars,no-useless-catch,eqeqeq,prefer-const,require-yield,no-global-assign,no-caller,no-process-env,complexity,max-nested-callbacks,handle-callback-err,getter-return,no-async-promise-executor,no-case-declarations,no-compare-neg-zero,no-cond-assign,no-const-assign,no-constant-condition,no-control-regex,no-delete-var,no-dupe-args,no-dupe-class-members,no-dupe-else-if,no-dupe-keys,no-duplicate-case,no-empty,no-empty-character-class,no-empty-pattern,no-ex-assign,no-extra-boolean-cast,no-extra-semi,no-fallthrough,no-func-assign,no-import-assign,no-inner-declarations,no-invalid-regexp,no-irregular-whitespace,no-loss-of-precision,no-misleading-character-class,no-mixed-spaces-and-tabs,no-nonoctal-decimal-escape,no-obj-calls,no-octal,no-prototype-builtins,no-regex-spaces,no-sparse-arrays,no-unexpected-multiline,no-unsafe-negation,no-unused-labels,no-useless-backreference,no-useless-escape,no-with,use-isnan,no-unpkg-cdn,no-proxy-requests,no-unhandled-promise,no-logging-rejections,no-non-client-request-model,no-deprecated-apis,no-cross-scope-assign,no-empty-function[0m
2025-05-08 16:35:52.945 -0400 [debug] ([34mvalidate.js[0m) [31mrunning validator manifest[0m
2025-05-08 16:35:52.945 -0400 [debug] ([34mvalidate.js[0m) [31mrunning validator manifest-dependency[0m
2025-05-08 16:35:52.945 -0400 [debug] ([34mvalidate.js[0m) [31mrunning validator oauth[0m
2025-05-08 16:35:52.945 -0400 [debug] ([34mvalidate.js[0m) [31mskipping validator pkgsize[0m
2025-05-08 16:35:52.945 -0400 [debug] ([34mvalidate.js[0m) [31mskipping validator schema[0m
2025-05-08 16:35:52.945 -0400 [debug] ([34mvalidate.js[0m) [31mrunning validator version-check[0m
2025-05-08 16:35:52.946 -0400 [debug] ([34mvalidate.js[0m) [31mrunning validator app-settings[0m
2025-05-08 16:35:52.948 -0400 [error] Packing failed due to the following issue(s):
2025-05-08 16:35:52.949 -0400 [error] [31m✖[39m app/scripts/app.js::51: Unexpected alert.
2025-05-08 16:35:52.949 -0400 [error] 
2025-05-08 16:35:52.953 -0400 [debug] ([34mreport.js[0m) [31mGenerating hash for report.json file[0m
2025-05-08 20:51:05.739 -0400 [debug] ([34mconfigs.js[0m) [31mloaded default configs as "{"updates":{"manifest_url":"https://cdn.freshdev.io/assets/fdk/updates.json","period":24},"log":{"level":"info"},"javascript":{"ecma_version":2020},"request":{"timeout":15000},"global_apps":{"enabled":false},"easel":{"enabled":false}}"[0m
2025-05-08 20:51:05.740 -0400 [debug] ([34mconfigs.js[0m) [31mloaded global configs as "{"request":{"timeout":15000}}"[0m
2025-05-08 20:51:05.741 -0400 [debug] ([34mconfigs.js[0m) [31mloaded local configs as "{"request":{"timeout":15000}}"[0m
2025-05-08 20:51:05.742 -0400 [debug] ([34mconfigs.js[0m) [31mloaded env configs as "{"updates":{},"log":{},"javascript":{},"request":{"timeout":15000}}"[0m
2025-05-08 20:51:05.742 -0400 [debug] ([34mconfigs.js[0m) [31mloaded resolved configs as "{"updates":{"manifest_url":"https://cdn.freshdev.io/assets/fdk/updates.json","period":24},"log":{"level":"info"},"javascript":{"ecma_version":2020},"request":{"timeout":15000},"global_apps":{"enabled":false},"easel":{"enabled":false}}"[0m
2025-05-08 20:51:05.743 -0400 [debug] ([34mlogger.js[0m) [31mStarting FDK in node v18.18.2 on darwin[0m
2025-05-08 20:51:05.743 -0400 [debug] ([34msequelize.js[0m) [31msetting up sqilite at "/Users/dave/repo/RiskAssetment-module/.fdk/store.sqlite"[0m
2025-05-08 20:51:05.743 -0400 [debug] ([34mdata.js[0m) [31mRead {"version_details":{"cli":{"deprecated":{"version":"<9","message":"This FDK version has been deprecated. There will be no further feature updates to this version. For a seamless app-building experience, ensure to move to the latest FDK version. For more information, see https://developers.freshworks.com/docs/app-sdk/v2.3/freshdesk/migration-guide/#migrate-to-the-latest-platform-version."},"forced":{"version":"7.0.0","command":"npm install https://dl.freshdev.io/cli/fdk-7.0.0.tgz -g","message":"Your FDK version has been forced updated to v7.0.0, please visit https://community.developers.freshworks.com/t/fdk-v7-0-announcing-node-js-v12-and-es6-support/3606 to know more"},"latest":{"version":"9.4.0","command":"npm install https://cdn.freshdev.io/fdk/latest.tgz -g","message":"You are on the latest FDK version. For information on the features available as part of this FDK version, see https://developers.freshworks.com/docs/?tab=modules."}},"addon":{"version":"2.1.0","url":"https://cdn.freshdev.io/assets/fdk/addons/addon.zip"}},"last_updated":{"time_stamp":1746716776887}}[0m
2025-05-08 20:51:05.744 -0400 [debug] ([34mupdater.js[0m) [31mlast check less than 24 hours ago, not looking for updates[0m
2025-05-08 20:51:05.750 -0400 [debug] ([34mindex.js[0m) [31mrunning with opts {}[0m
2025-05-08 20:51:05.848 -0400 [debug] ([34mdata.js[0m) [31mRead {"version_details":{"cli":{"deprecated":{"version":"<9","message":"This FDK version has been deprecated. There will be no further feature updates to this version. For a seamless app-building experience, ensure to move to the latest FDK version. For more information, see https://developers.freshworks.com/docs/app-sdk/v2.3/freshdesk/migration-guide/#migrate-to-the-latest-platform-version."},"forced":{"version":"7.0.0","command":"npm install https://dl.freshdev.io/cli/fdk-7.0.0.tgz -g","message":"Your FDK version has been forced updated to v7.0.0, please visit https://community.developers.freshworks.com/t/fdk-v7-0-announcing-node-js-v12-and-es6-support/3606 to know more"},"latest":{"version":"9.4.0","command":"npm install https://cdn.freshdev.io/fdk/latest.tgz -g","message":"You are on the latest FDK version. For information on the features available as part of this FDK version, see https://developers.freshworks.com/docs/?tab=modules."}},"addon":{"version":"2.1.0","url":"https://cdn.freshdev.io/assets/fdk/addons/addon.zip"}},"last_updated":{"time_stamp":1746716776887}}[0m
2025-05-08 20:51:05.849 -0400 [debug] ([34mmanifest.js[0m) [31mReloading manifest with {"platform-version":"2.3","product":{"freshservice":{"location":{"ticket_sidebar":{"url":"index.html","icon":"styles/images/icon.svg"}}}},"engines":{"node":"18.18.2","fdk":"9.3.0"}}.[0m
2025-05-08 20:51:05.851 -0400 [debug] ([34mmanifest.js[0m) [31mInferred db as features.[0m
2025-05-08 20:51:05.859 -0400 [debug] ([34mdata.js[0m) [31mRead {"version_details":{"cli":{"deprecated":{"version":"<9","message":"This FDK version has been deprecated. There will be no further feature updates to this version. For a seamless app-building experience, ensure to move to the latest FDK version. For more information, see https://developers.freshworks.com/docs/app-sdk/v2.3/freshdesk/migration-guide/#migrate-to-the-latest-platform-version."},"forced":{"version":"7.0.0","command":"npm install https://dl.freshdev.io/cli/fdk-7.0.0.tgz -g","message":"Your FDK version has been forced updated to v7.0.0, please visit https://community.developers.freshworks.com/t/fdk-v7-0-announcing-node-js-v12-and-es6-support/3606 to know more"},"latest":{"version":"9.4.0","command":"npm install https://cdn.freshdev.io/fdk/latest.tgz -g","message":"You are on the latest FDK version. For information on the features available as part of this FDK version, see https://developers.freshworks.com/docs/?tab=modules."}},"addon":{"version":"2.1.0","url":"https://cdn.freshdev.io/assets/fdk/addons/addon.zip"}},"last_updated":{"time_stamp":1746716776887}}[0m
2025-05-08 20:51:05.962 -0400 [debug] ([34mindex.js[0m) [31mloading model at "/opt/homebrew/Cellar/fdk/64/custom_node_location/lib/node_modules/fdk/lib/models/bigint-pivot.js"[0m
2025-05-08 20:51:05.963 -0400 [debug] ([34mindex.js[0m) [31mloading model at "/opt/homebrew/Cellar/fdk/64/custom_node_location/lib/node_modules/fdk/lib/models/entity-field-choice.js"[0m
2025-05-08 20:51:05.964 -0400 [debug] ([34mindex.js[0m) [31mloading model at "/opt/homebrew/Cellar/fdk/64/custom_node_location/lib/node_modules/fdk/lib/models/entity-field.js"[0m
2025-05-08 20:51:05.964 -0400 [debug] ([34mindex.js[0m) [31mloading model at "/opt/homebrew/Cellar/fdk/64/custom_node_location/lib/node_modules/fdk/lib/models/entity.js"[0m
2025-05-08 20:51:05.964 -0400 [debug] ([34mindex.js[0m) [31mloading model at "/opt/homebrew/Cellar/fdk/64/custom_node_location/lib/node_modules/fdk/lib/models/oauth-details.js"[0m
2025-05-08 20:51:05.964 -0400 [debug] ([34mindex.js[0m) [31mloading model at "/opt/homebrew/Cellar/fdk/64/custom_node_location/lib/node_modules/fdk/lib/models/record.js"[0m
2025-05-08 20:51:05.965 -0400 [debug] ([34mindex.js[0m) [31mloading model at "/opt/homebrew/Cellar/fdk/64/custom_node_location/lib/node_modules/fdk/lib/models/string-pivot.js"[0m
2025-05-08 20:51:06.345 -0400 [debug] ([34mdata.js[0m) [31mRead {"version_details":{"cli":{"deprecated":{"version":"<9","message":"This FDK version has been deprecated. There will be no further feature updates to this version. For a seamless app-building experience, ensure to move to the latest FDK version. For more information, see https://developers.freshworks.com/docs/app-sdk/v2.3/freshdesk/migration-guide/#migrate-to-the-latest-platform-version."},"forced":{"version":"7.0.0","command":"npm install https://dl.freshdev.io/cli/fdk-7.0.0.tgz -g","message":"Your FDK version has been forced updated to v7.0.0, please visit https://community.developers.freshworks.com/t/fdk-v7-0-announcing-node-js-v12-and-es6-support/3606 to know more"},"latest":{"version":"9.4.0","command":"npm install https://cdn.freshdev.io/fdk/latest.tgz -g","message":"You are on the latest FDK version. For information on the features available as part of this FDK version, see https://developers.freshworks.com/docs/?tab=modules."}},"addon":{"version":"2.1.0","url":"https://cdn.freshdev.io/assets/fdk/addons/addon.zip"}},"last_updated":{"time_stamp":1746716776887}}[0m
2025-05-08 20:51:06.872 -0400 [debug] ([34mvalidate.js[0m) [31masked to skip the following validations, [0m
2025-05-08 20:51:06.872 -0400 [debug] ([34mvalidate.js[0m) [31mrunning validator actions[0m
2025-05-08 20:51:06.872 -0400 [debug] ([34mvalidate.js[0m) [31mrunning validator requests[0m
2025-05-08 20:51:06.872 -0400 [debug] ([34mvalidate.js[0m) [31mrunning validator app-dir[0m
2025-05-08 20:51:06.872 -0400 [debug] ([34mvalidate.js[0m) [31mrunning validator config-dir[0m
2025-05-08 20:51:06.872 -0400 [debug] ([34mconfig-dir.js[0m) [31mChecking to see if /Users/dave/repo/RiskAssetment-module/config/ exists.[0m
2025-05-08 20:51:06.872 -0400 [debug] ([34mconfig-dir.js[0m) [31mFetched the following config files iparams.json[0m
2025-05-08 20:51:06.873 -0400 [debug] ([34mvalidate.js[0m) [31mrunning validator custom-objects[0m
2025-05-08 20:51:06.873 -0400 [debug] ([34mvalidate.js[0m) [31mrunning validator event[0m
2025-05-08 20:51:06.873 -0400 [debug] ([34mvalidate.js[0m) [31mrunning validator iparam[0m
2025-05-08 20:51:06.874 -0400 [debug] ([34mvalidate.js[0m) [31mrunning validator lint[0m
2025-05-08 20:51:06.874 -0400 [debug] ([34mlint.js[0m) [31mpassed fix flag: undefined[0m
2025-05-08 20:51:06.877 -0400 [debug] ([34mlint.js[0m) [31mRunning the following lints on the file app/scripts/app.js : no-eval,no-alert,no-debugger,no-unreachable,no-duplicate-imports,constructor-super,for-direction,no-class-assign,no-new-native-nonconstructor,valid-typeof,no-eq-null,no-var,require-await,no-unreachable-loop,no-redeclare,no-self-assign,no-setter-return,no-shadow-restricted-names,no-this-before-super,no-unsafe-finally,no-unsafe-optional-chaining,no-unused-vars,no-useless-catch,eqeqeq,prefer-const,require-yield,no-global-assign,no-caller,no-process-env,complexity,max-nested-callbacks,handle-callback-err,getter-return,no-async-promise-executor,no-case-declarations,no-compare-neg-zero,no-cond-assign,no-const-assign,no-constant-condition,no-control-regex,no-delete-var,no-dupe-args,no-dupe-class-members,no-dupe-else-if,no-dupe-keys,no-duplicate-case,no-empty,no-empty-character-class,no-empty-pattern,no-ex-assign,no-extra-boolean-cast,no-extra-semi,no-fallthrough,no-func-assign,no-import-assign,no-inner-declarations,no-invalid-regexp,no-irregular-whitespace,no-loss-of-precision,no-misleading-character-class,no-mixed-spaces-and-tabs,no-nonoctal-decimal-escape,no-obj-calls,no-octal,no-prototype-builtins,no-regex-spaces,no-sparse-arrays,no-unexpected-multiline,no-unsafe-negation,no-unused-labels,no-useless-backreference,no-useless-escape,no-with,use-isnan,no-unpkg-cdn,no-proxy-requests,no-unhandled-promise,no-logging-rejections,no-non-client-request-model,no-deprecated-apis,no-cross-scope-assign,no-empty-function[0m
2025-05-08 20:51:07.019 -0400 [debug] ([34mlint.js[0m) [31mRunning the following lints on the file app/scripts/app.test.js : no-eval,no-alert,no-debugger,no-unreachable,no-duplicate-imports,constructor-super,for-direction,no-class-assign,no-new-native-nonconstructor,valid-typeof,no-eq-null,no-var,require-await,no-unreachable-loop,no-redeclare,no-self-assign,no-setter-return,no-shadow-restricted-names,no-this-before-super,no-unsafe-finally,no-unsafe-optional-chaining,no-unused-vars,no-useless-catch,eqeqeq,prefer-const,require-yield,no-global-assign,no-caller,no-process-env,complexity,max-nested-callbacks,handle-callback-err,getter-return,no-async-promise-executor,no-case-declarations,no-compare-neg-zero,no-cond-assign,no-const-assign,no-constant-condition,no-control-regex,no-delete-var,no-dupe-args,no-dupe-class-members,no-dupe-else-if,no-dupe-keys,no-duplicate-case,no-empty,no-empty-character-class,no-empty-pattern,no-ex-assign,no-extra-boolean-cast,no-extra-semi,no-fallthrough,no-func-assign,no-import-assign,no-inner-declarations,no-invalid-regexp,no-irregular-whitespace,no-loss-of-precision,no-misleading-character-class,no-mixed-spaces-and-tabs,no-nonoctal-decimal-escape,no-obj-calls,no-octal,no-prototype-builtins,no-regex-spaces,no-sparse-arrays,no-unexpected-multiline,no-unsafe-negation,no-unused-labels,no-useless-backreference,no-useless-escape,no-with,use-isnan,no-unpkg-cdn,no-proxy-requests,no-unhandled-promise,no-logging-rejections,no-non-client-request-model,no-deprecated-apis,no-cross-scope-assign,no-empty-function[0m
2025-05-08 20:51:07.090 -0400 [debug] ([34mvalidate.js[0m) [31mrunning validator manifest[0m
2025-05-08 20:51:07.090 -0400 [debug] ([34mvalidate.js[0m) [31mskipping validator manifest-dependency[0m
2025-05-08 20:51:07.090 -0400 [debug] ([34mvalidate.js[0m) [31mrunning validator oauth[0m
2025-05-08 20:51:07.090 -0400 [debug] ([34mvalidate.js[0m) [31mskipping validator pkgsize[0m
2025-05-08 20:51:07.090 -0400 [debug] ([34mvalidate.js[0m) [31mrunning validator schema[0m
2025-05-08 20:51:07.090 -0400 [debug] ([34mvalidate.js[0m) [31mrunning validator version-check[0m
2025-05-08 20:51:07.091 -0400 [debug] ([34mvalidate.js[0m) [31mrunning validator app-settings[0m
2025-05-08 20:51:07.094 -0400 [debug] ([34mwatcher.js[0m) [31mPreparing to watch the following files ./app,./config,./manifest.json[0m
2025-05-08 20:51:07.111 -0400 [debug] ([34mdata.js[0m) [31mRead {"report_hash":"aef91619e73f746b91ad2b6a0393ccad3fc7113731072ed4cc9f160fc2a20322"}[0m
2025-05-08 20:51:07.111 -0400 [debug] ([34mcustom-objects.js[0m) [31mto force or not? undefined[0m
2025-05-08 20:51:07.111 -0400 [debug] ([34mcustom-objects.js[0m) [31mbeginning to re-sync db[0m
2025-05-08 20:51:07.251 -0400 [debug] ([34mdata.js[0m) [31mRead {"report_hash":"aef91619e73f746b91ad2b6a0393ccad3fc7113731072ed4cc9f160fc2a20322"}[0m
2025-05-08 20:51:07.252 -0400 [debug] ([34mcustom-objects.js[0m) [31mupdated local store with latest entity hash[0m
2025-05-08 20:51:07.252 -0400 [debug] ([34mrun.js[0m) [31mmigrate stored oauth configs from localstore to sqlite[0m
2025-05-08 20:51:07.252 -0400 [debug] ([34mdata.js[0m) [31mRead {"report_hash":"aef91619e73f746b91ad2b6a0393ccad3fc7113731072ed4cc9f160fc2a20322"}[0m
2025-05-08 20:51:07.252 -0400 [debug] ([34mdata.js[0m) [31mRead {"report_hash":"aef91619e73f746b91ad2b6a0393ccad3fc7113731072ed4cc9f160fc2a20322"}[0m
2025-05-08 20:51:07.252 -0400 [debug] ([34moauth.js[0m) [31mapp without oauth configs, skipping oauth configs migration[0m
2025-05-08 20:51:07.252 -0400 [debug] ([34mdata.js[0m) [31mRead {"report_hash":"aef91619e73f746b91ad2b6a0393ccad3fc7113731072ed4cc9f160fc2a20322"}[0m
2025-05-08 20:51:07.252 -0400 [debug] ([34moauth.js[0m) [31msuccessfully migrated all oauths: [0m
2025-05-08 20:51:07.252 -0400 [debug] ([34mdata.js[0m) [31mRead {"report_hash":"aef91619e73f746b91ad2b6a0393ccad3fc7113731072ed4cc9f160fc2a20322","riskas_101_101_migrate_oauth_status":true}[0m
2025-05-08 20:51:07.252 -0400 [info] Starting local testing server at http://*:10001/    
Append 'dev=true' to your Freshservice account URL to start testing    
e.g. https://domain.freshservice.com/helpdesk/tickets/1?dev=true    
Quit the server with Control-C.
2025-05-08 21:51:23.499 -0400 [debug] ([34mconfigs.js[0m) [31mloaded default configs as "{"updates":{"manifest_url":"https://cdn.freshdev.io/assets/fdk/updates.json","period":24},"log":{"level":"info"},"javascript":{"ecma_version":2020},"request":{"timeout":15000},"global_apps":{"enabled":false},"easel":{"enabled":false}}"[0m
2025-05-08 21:51:23.501 -0400 [debug] ([34mconfigs.js[0m) [31mloaded global configs as "{"request":{"timeout":15000}}"[0m
2025-05-08 21:51:23.501 -0400 [debug] ([34mconfigs.js[0m) [31mloaded local configs as "{"request":{"timeout":15000}}"[0m
2025-05-08 21:51:23.502 -0400 [debug] ([34mconfigs.js[0m) [31mloaded env configs as "{"updates":{},"log":{},"javascript":{},"request":{"timeout":15000}}"[0m
2025-05-08 21:51:23.503 -0400 [debug] ([34mconfigs.js[0m) [31mloaded resolved configs as "{"updates":{"manifest_url":"https://cdn.freshdev.io/assets/fdk/updates.json","period":24},"log":{"level":"info"},"javascript":{"ecma_version":2020},"request":{"timeout":15000},"global_apps":{"enabled":false},"easel":{"enabled":false}}"[0m
2025-05-08 21:51:23.503 -0400 [debug] ([34mlogger.js[0m) [31mStarting FDK in node v18.18.2 on darwin[0m
2025-05-08 21:51:23.503 -0400 [debug] ([34msequelize.js[0m) [31msetting up sqilite at "/Users/dave/repo/RiskAssetment-module/.fdk/store.sqlite"[0m
2025-05-08 21:51:23.503 -0400 [debug] ([34mdata.js[0m) [31mRead {"version_details":{"cli":{"deprecated":{"version":"<9","message":"This FDK version has been deprecated. There will be no further feature updates to this version. For a seamless app-building experience, ensure to move to the latest FDK version. For more information, see https://developers.freshworks.com/docs/app-sdk/v2.3/freshdesk/migration-guide/#migrate-to-the-latest-platform-version."},"forced":{"version":"7.0.0","command":"npm install https://dl.freshdev.io/cli/fdk-7.0.0.tgz -g","message":"Your FDK version has been forced updated to v7.0.0, please visit https://community.developers.freshworks.com/t/fdk-v7-0-announcing-node-js-v12-and-es6-support/3606 to know more"},"latest":{"version":"9.4.0","command":"npm install https://cdn.freshdev.io/fdk/latest.tgz -g","message":"You are on the latest FDK version. For information on the features available as part of this FDK version, see https://developers.freshworks.com/docs/?tab=modules."}},"addon":{"version":"2.1.0","url":"https://cdn.freshdev.io/assets/fdk/addons/addon.zip"}},"last_updated":{"time_stamp":1746716776887}}[0m
2025-05-08 21:51:23.504 -0400 [debug] ([34mupdater.js[0m) [31mlast check less than 24 hours ago, not looking for updates[0m
2025-05-08 21:51:23.511 -0400 [debug] ([34mindex.js[0m) [31mrunning with opts {}[0m
2025-05-08 21:51:23.556 -0400 [debug] ([34mdata.js[0m) [31mRead {"version_details":{"cli":{"deprecated":{"version":"<9","message":"This FDK version has been deprecated. There will be no further feature updates to this version. For a seamless app-building experience, ensure to move to the latest FDK version. For more information, see https://developers.freshworks.com/docs/app-sdk/v2.3/freshdesk/migration-guide/#migrate-to-the-latest-platform-version."},"forced":{"version":"7.0.0","command":"npm install https://dl.freshdev.io/cli/fdk-7.0.0.tgz -g","message":"Your FDK version has been forced updated to v7.0.0, please visit https://community.developers.freshworks.com/t/fdk-v7-0-announcing-node-js-v12-and-es6-support/3606 to know more"},"latest":{"version":"9.4.0","command":"npm install https://cdn.freshdev.io/fdk/latest.tgz -g","message":"You are on the latest FDK version. For information on the features available as part of this FDK version, see https://developers.freshworks.com/docs/?tab=modules."}},"addon":{"version":"2.1.0","url":"https://cdn.freshdev.io/assets/fdk/addons/addon.zip"}},"last_updated":{"time_stamp":1746716776887}}[0m
2025-05-08 21:51:23.559 -0400 [debug] ([34mmanifest.js[0m) [31mReloading manifest with {"platform-version":"2.3","product":{"freshservice":{"location":{"ticket_sidebar":{"url":"index.html","icon":"styles/images/icon.svg"}}}},"engines":{"node":"18.18.2","fdk":"9.3.0"},"config":{"coverage":{"skip":true}}}.[0m
2025-05-08 21:51:23.560 -0400 [debug] ([34mmanifest.js[0m) [31mInferred db as features.[0m
2025-05-08 21:51:23.561 -0400 [debug] ([34mdata.js[0m) [31mRead {"version_details":{"cli":{"deprecated":{"version":"<9","message":"This FDK version has been deprecated. There will be no further feature updates to this version. For a seamless app-building experience, ensure to move to the latest FDK version. For more information, see https://developers.freshworks.com/docs/app-sdk/v2.3/freshdesk/migration-guide/#migrate-to-the-latest-platform-version."},"forced":{"version":"7.0.0","command":"npm install https://dl.freshdev.io/cli/fdk-7.0.0.tgz -g","message":"Your FDK version has been forced updated to v7.0.0, please visit https://community.developers.freshworks.com/t/fdk-v7-0-announcing-node-js-v12-and-es6-support/3606 to know more"},"latest":{"version":"9.4.0","command":"npm install https://cdn.freshdev.io/fdk/latest.tgz -g","message":"You are on the latest FDK version. For information on the features available as part of this FDK version, see https://developers.freshworks.com/docs/?tab=modules."}},"addon":{"version":"2.1.0","url":"https://cdn.freshdev.io/assets/fdk/addons/addon.zip"}},"last_updated":{"time_stamp":1746716776887}}[0m
2025-05-08 21:51:24.565 -0400 [debug] ([34mpack.js[0m) [31m'pack' called with {"1":true}[0m
2025-05-08 21:51:24.566 -0400 [debug] ([34mvalidate.js[0m) [31masked to skip the following validations, [0m
2025-05-08 21:51:24.566 -0400 [debug] ([34mvalidate.js[0m) [31mrunning validator actions[0m
2025-05-08 21:51:24.566 -0400 [debug] ([34mvalidate.js[0m) [31mrunning validator requests[0m
2025-05-08 21:51:24.566 -0400 [debug] ([34mvalidate.js[0m) [31mrunning validator app-dir[0m
2025-05-08 21:51:24.567 -0400 [debug] ([34mvalidate.js[0m) [31mrunning validator config-dir[0m
2025-05-08 21:51:24.567 -0400 [debug] ([34mconfig-dir.js[0m) [31mChecking to see if /Users/dave/repo/RiskAssetment-module/config/ exists.[0m
2025-05-08 21:51:24.567 -0400 [debug] ([34mconfig-dir.js[0m) [31mFetched the following config files iparams.json[0m
2025-05-08 21:51:24.567 -0400 [debug] ([34mvalidate.js[0m) [31mrunning validator custom-objects[0m
2025-05-08 21:51:24.567 -0400 [debug] ([34mvalidate.js[0m) [31mrunning validator event[0m
2025-05-08 21:51:24.567 -0400 [debug] ([34mvalidate.js[0m) [31mrunning validator iparam[0m
2025-05-08 21:51:24.568 -0400 [debug] ([34mvalidate.js[0m) [31mrunning validator lint[0m
2025-05-08 21:51:24.568 -0400 [debug] ([34mlint.js[0m) [31mpassed fix flag: undefined[0m
2025-05-08 21:51:24.570 -0400 [debug] ([34mlint.js[0m) [31mRunning the following lints on the file app/scripts/app.js : no-eval,no-alert,no-debugger,no-unreachable,no-duplicate-imports,constructor-super,for-direction,no-class-assign,no-new-native-nonconstructor,valid-typeof,no-eq-null,no-var,require-await,no-unreachable-loop,no-redeclare,no-self-assign,no-setter-return,no-shadow-restricted-names,no-this-before-super,no-unsafe-finally,no-unsafe-optional-chaining,no-unused-vars,no-useless-catch,eqeqeq,prefer-const,require-yield,no-global-assign,no-caller,no-process-env,complexity,max-nested-callbacks,handle-callback-err,getter-return,no-async-promise-executor,no-case-declarations,no-compare-neg-zero,no-cond-assign,no-const-assign,no-constant-condition,no-control-regex,no-delete-var,no-dupe-args,no-dupe-class-members,no-dupe-else-if,no-dupe-keys,no-duplicate-case,no-empty,no-empty-character-class,no-empty-pattern,no-ex-assign,no-extra-boolean-cast,no-extra-semi,no-fallthrough,no-func-assign,no-import-assign,no-inner-declarations,no-invalid-regexp,no-irregular-whitespace,no-loss-of-precision,no-misleading-character-class,no-mixed-spaces-and-tabs,no-nonoctal-decimal-escape,no-obj-calls,no-octal,no-prototype-builtins,no-regex-spaces,no-sparse-arrays,no-unexpected-multiline,no-unsafe-negation,no-unused-labels,no-useless-backreference,no-useless-escape,no-with,use-isnan,no-unpkg-cdn,no-proxy-requests,no-unhandled-promise,no-logging-rejections,no-non-client-request-model,no-deprecated-apis,no-cross-scope-assign,no-empty-function[0m
2025-05-08 21:51:24.707 -0400 [debug] ([34mlint.js[0m) [31mRunning the following lints on the file app/scripts/app.test.js : no-eval,no-alert,no-debugger,no-unreachable,no-duplicate-imports,constructor-super,for-direction,no-class-assign,no-new-native-nonconstructor,valid-typeof,no-eq-null,no-var,require-await,no-unreachable-loop,no-redeclare,no-self-assign,no-setter-return,no-shadow-restricted-names,no-this-before-super,no-unsafe-finally,no-unsafe-optional-chaining,no-unused-vars,no-useless-catch,eqeqeq,prefer-const,require-yield,no-global-assign,no-caller,no-process-env,complexity,max-nested-callbacks,handle-callback-err,getter-return,no-async-promise-executor,no-case-declarations,no-compare-neg-zero,no-cond-assign,no-const-assign,no-constant-condition,no-control-regex,no-delete-var,no-dupe-args,no-dupe-class-members,no-dupe-else-if,no-dupe-keys,no-duplicate-case,no-empty,no-empty-character-class,no-empty-pattern,no-ex-assign,no-extra-boolean-cast,no-extra-semi,no-fallthrough,no-func-assign,no-import-assign,no-inner-declarations,no-invalid-regexp,no-irregular-whitespace,no-loss-of-precision,no-misleading-character-class,no-mixed-spaces-and-tabs,no-nonoctal-decimal-escape,no-obj-calls,no-octal,no-prototype-builtins,no-regex-spaces,no-sparse-arrays,no-unexpected-multiline,no-unsafe-negation,no-unused-labels,no-useless-backreference,no-useless-escape,no-with,use-isnan,no-unpkg-cdn,no-proxy-requests,no-unhandled-promise,no-logging-rejections,no-non-client-request-model,no-deprecated-apis,no-cross-scope-assign,no-empty-function[0m
2025-05-08 21:51:24.798 -0400 [debug] ([34mvalidate.js[0m) [31mrunning validator manifest[0m
2025-05-08 21:51:24.798 -0400 [debug] ([34mvalidate.js[0m) [31mrunning validator manifest-dependency[0m
2025-05-08 21:51:24.798 -0400 [debug] ([34mvalidate.js[0m) [31mrunning validator oauth[0m
2025-05-08 21:51:24.798 -0400 [debug] ([34mvalidate.js[0m) [31mskipping validator pkgsize[0m
2025-05-08 21:51:24.799 -0400 [debug] ([34mvalidate.js[0m) [31mskipping validator schema[0m
2025-05-08 21:51:24.799 -0400 [debug] ([34mvalidate.js[0m) [31mrunning validator version-check[0m
2025-05-08 21:51:24.799 -0400 [debug] ([34mvalidate.js[0m) [31mrunning validator app-settings[0m
2025-05-08 21:51:24.803 -0400 [info] App being packed in Node v18.18.2 using FDK 9.3.0
2025-05-08 21:51:24.804 -0400 [debug] ([34mreport.js[0m) [31mGenerating hash for report.json file[0m
2025-05-08 21:51:24.805 -0400 [debug] ([34mdata.js[0m) [31mRead {"report_hash":"aef91619e73f746b91ad2b6a0393ccad3fc7113731072ed4cc9f160fc2a20322","riskas_101_101_migrate_oauth_status":true}[0m
2025-05-08 21:51:24.805 -0400 [debug] ([34mreport.js[0m) [31mComparing the stored hash with report.json file hash[0m
2025-05-08 21:51:24.805 -0400 [info] 
Code coverage has been skipped. Skipping code coverage may result in your app being rejected by the Freshworks Marketplace. Ensure at least 80% coverage before final submission.

2025-05-08 21:51:24.815 -0400 [debug] ([34mpack.js[0m) [31mCannot find './visitor-app' directory while packing.[0m
2025-05-08 21:51:24.815 -0400 [debug] ([34mpack.js[0m) [31mCannot find './src' directory while packing.[0m
2025-05-08 21:51:24.815 -0400 [debug] ([34mpack.js[0m) [31mCannot find './server' directory while packing.[0m
2025-05-08 21:51:24.818 -0400 [debug] ([34mfile.js[0m) [31mComputing digest for app/index.html,app/scripts/app.js,app/scripts/app.test.js,app/styles/images/icon.svg,app/styles/images/rocket.svg,app/styles/style.css,manifest.json.[0m
2025-05-08 21:51:24.819 -0400 [debug] ([34mpack.js[0m) [31mPacking ./app/index.html[0m
2025-05-08 21:51:24.822 -0400 [debug] ([34mpack.js[0m) [31mPacking ./app/scripts/app.js[0m
2025-05-08 21:51:24.825 -0400 [debug] ([34mpack.js[0m) [31mPacking ./app/scripts/app.test.js[0m
2025-05-08 21:51:24.831 -0400 [debug] ([34mpack.js[0m) [31mPacking ./app/styles/images/icon.svg[0m
2025-05-08 21:51:24.831 -0400 [debug] ([34mpack.js[0m) [31mPacking ./app/styles/images/rocket.svg[0m
2025-05-08 21:51:24.831 -0400 [debug] ([34mpack.js[0m) [31mPacking ./app/styles/style.css[0m
2025-05-08 21:51:24.831 -0400 [debug] ([34mpack.js[0m) [31mPacking ./config/iparams.json[0m
2025-05-08 21:51:24.831 -0400 [debug] ([34mpack.js[0m) [31mPacking ./manifest.json[0m
2025-05-08 21:51:24.831 -0400 [debug] ([34mpack.js[0m) [31mPacking ./.report.json[0m
2025-05-08 21:51:24.831 -0400 [debug] ([34mpack.js[0m) [31mPacking ./README.md[0m
2025-05-08 21:51:24.831 -0400 [debug] ([34mpack.js[0m) [31mPacking ./digest.md5[0m
2025-05-08 21:51:24.869 -0400 [debug] ([34mvalidate.js[0m) [31masked to skip the following validations, [0m
2025-05-08 21:51:24.870 -0400 [debug] ([34mvalidate.js[0m) [31mskipping validator actions[0m
2025-05-08 21:51:24.870 -0400 [debug] ([34mvalidate.js[0m) [31mskipping validator requests[0m
2025-05-08 21:51:24.870 -0400 [debug] ([34mvalidate.js[0m) [31mskipping validator app-dir[0m
2025-05-08 21:51:24.870 -0400 [debug] ([34mvalidate.js[0m) [31mskipping validator config-dir[0m
2025-05-08 21:51:24.870 -0400 [debug] ([34mvalidate.js[0m) [31mskipping validator custom-objects[0m
2025-05-08 21:51:24.870 -0400 [debug] ([34mvalidate.js[0m) [31mskipping validator event[0m
2025-05-08 21:51:24.870 -0400 [debug] ([34mvalidate.js[0m) [31mskipping validator iparam[0m
2025-05-08 21:51:24.870 -0400 [debug] ([34mvalidate.js[0m) [31mskipping validator lint[0m
2025-05-08 21:51:24.870 -0400 [debug] ([34mvalidate.js[0m) [31mskipping validator manifest[0m
2025-05-08 21:51:24.870 -0400 [debug] ([34mvalidate.js[0m) [31mskipping validator manifest-dependency[0m
2025-05-08 21:51:24.870 -0400 [debug] ([34mvalidate.js[0m) [31mskipping validator oauth[0m
2025-05-08 21:51:24.870 -0400 [debug] ([34mvalidate.js[0m) [31mrunning validator pkgsize[0m
2025-05-08 21:51:24.870 -0400 [debug] ([34mvalidate.js[0m) [31mskipping validator schema[0m
2025-05-08 21:51:24.870 -0400 [debug] ([34mvalidate.js[0m) [31mskipping validator version-check[0m
2025-05-08 21:51:24.870 -0400 [debug] ([34mvalidate.js[0m) [31mskipping validator app-settings[0m
2025-05-08 21:51:24.871 -0400 [info] App packed successfully at /dist/RiskAssetment-module.zip
2025-05-08 21:51:24.871 -0400 [info] Upload this file to the marketplace by following the instructions at https://developers.freshworks.com/docs/app-sdk/v3.0/common/app-submission-process/
2025-05-08 21:51:24.871 -0400 [debug] ([34mfile.js[0m) [31mDeleting digest.[0m
2025-05-08 21:51:24.873 -0400 [debug] ([34mreport.js[0m) [31mGenerating hash for report.json file[0m
